[debug] [2020-05-31T16:13:49.657Z] ----------------------------------------------------------------------
[debug] [2020-05-31T16:13:49.679Z] Command:       C:\Program Files\nodejs\node.exe C:\Users\printech\AppData\Roaming\npm\node_modules\firebase-tools\lib\bin\firebase.js deploy
[debug] [2020-05-31T16:13:49.680Z] CLI Version:   8.4.1
[debug] [2020-05-31T16:13:49.680Z] Platform:      win32
[debug] [2020-05-31T16:13:49.680Z] Node Version:  v12.16.3
[debug] [2020-05-31T16:13:49.748Z] Time:          Sun May 31 2020 09:13:49 GMT-0700 (Pacific Daylight Time)
[debug] [2020-05-31T16:13:49.749Z] ----------------------------------------------------------------------
[debug] [2020-05-31T16:13:49.749Z] 
[debug] [2020-05-31T16:13:49.793Z] > command requires scopes: ["email","openid","https://www.googleapis.com/auth/cloudplatformprojects.readonly","https://www.googleapis.com/auth/firebase","https://www.googleapis.com/auth/cloud-platform"]
[debug] [2020-05-31T16:13:49.794Z] > authorizing via signed-in user
[debug] [2020-05-31T16:13:49.794Z] [iam] checking project ema-john-simple-70116 for permissions ["firebase.projects.get","firebasehosting.sites.update"]
[debug] [2020-05-31T16:13:49.800Z] >>> HTTP REQUEST POST https://cloudresourcemanager.googleapis.com/v1/projects/ema-john-simple-70116:testIamPermissions  
 {"permissions":["firebase.projects.get","firebasehosting.sites.update"]}
[debug] [2020-05-31T16:13:51.498Z] <<< HTTP RESPONSE 200 {"content-type":"application/json; charset=UTF-8","vary":"X-Origin, Referer, Origin,Accept-Encoding","date":"Sun, 31 May 2020 16:13:50 GMT","server":"ESF","cache-control":"private","x-xss-protection":"0","x-frame-options":"SAMEORIGIN","x-content-type-options":"nosniff","server-timing":"gfet4t7; dur=1178","alt-svc":"h3-27=\":443\"; ma=2592000,h3-25=\":443\"; ma=2592000,h3-T050=\":443\"; ma=2592000,h3-Q050=\":443\"; ma=2592000,h3-Q049=\":443\"; ma=2592000,h3-Q048=\":443\"; ma=2592000,h3-Q046=\":443\"; ma=2592000,h3-Q043=\":443\"; ma=2592000,quic=\":443\"; ma=2592000; v=\"46,43\"","accept-ranges":"none","transfer-encoding":"chunked"}
[debug] [2020-05-31T16:13:51.506Z] >>> HTTP REQUEST GET https://firebase.googleapis.com/v1beta1/projects/ema-john-simple-70116  
 
[debug] [2020-05-31T16:13:52.103Z] <<< HTTP RESPONSE 200 {"content-type":"application/json; charset=UTF-8","vary":"X-Origin, Referer, Origin,Accept-Encoding","date":"Sun, 31 May 2020 16:13:51 GMT","server":"ESF","cache-control":"private","x-xss-protection":"0","x-frame-options":"SAMEORIGIN","x-content-type-options":"nosniff","alt-svc":"h3-27=\":443\"; ma=2592000,h3-25=\":443\"; ma=2592000,h3-T050=\":443\"; ma=2592000,h3-Q050=\":443\"; ma=2592000,h3-Q049=\":443\"; ma=2592000,h3-Q048=\":443\"; ma=2592000,h3-Q046=\":443\"; ma=2592000,h3-Q043=\":443\"; ma=2592000,quic=\":443\"; ma=2592000; v=\"46,43\"","accept-ranges":"none","transfer-encoding":"chunked"}
[info] 
[info] === Deploying to 'ema-john-simple-70116'...
[info] 
[info] i  deploying hosting 
[debug] [2020-05-31T16:13:52.119Z] >>> HTTP REQUEST POST https://firebasehosting.googleapis.com/v1beta1/sites/ema-john-simple-70116/versions  
 {"config":{"rewrites":[{"glob":"**","path":"/index.html"}]},"labels":{"deployment-tool":"cli-firebase"}}
[debug] [2020-05-31T16:13:54.789Z] <<< HTTP RESPONSE 200 {"content-type":"application/json; charset=UTF-8","vary":"X-Origin, Referer, Origin,Accept-Encoding","date":"Sun, 31 May 2020 16:13:53 GMT","server":"ESF","cache-control":"private","x-xss-protection":"0","x-frame-options":"SAMEORIGIN","x-content-type-options":"nosniff","alt-svc":"h3-27=\":443\"; ma=2592000,h3-25=\":443\"; ma=2592000,h3-T050=\":443\"; ma=2592000,h3-Q050=\":443\"; ma=2592000,h3-Q049=\":443\"; ma=2592000,h3-Q048=\":443\"; ma=2592000,h3-Q046=\":443\"; ma=2592000,h3-Q043=\":443\"; ma=2592000,quic=\":443\"; ma=2592000; v=\"46,43\"","accept-ranges":"none","transfer-encoding":"chunked"}
[info] i  hosting[ema-john-simple-70116]: beginning deploy... 
[info] i  hosting[ema-john-simple-70116]: found 20 files in build 
[debug] [2020-05-31T16:13:54.838Z] [hosting] hash cache [YnVpbGQ] not populated
[debug] [2020-05-31T16:13:56.047Z] [hosting] hash cache [YnVpbGQ] stored for 20 files
[debug] [2020-05-31T16:13:56.048Z] [hosting][hash queue][FINAL] {"max":1164,"min":69,"avg":183.75,"active":0,"complete":20,"success":20,"errored":0,"retried":0,"total":20,"elapsed":1209}
[debug] [2020-05-31T16:13:56.048Z] >>> HTTP REQUEST POST https://firebasehosting.googleapis.com/v1beta1/projects/739748772595/sites/ema-john-simple-70116/versions/a6d753d9950dacdf:populateFiles  
 <request body omitted>
[debug] [2020-05-31T16:13:57.906Z] <<< HTTP RESPONSE 200 {"content-type":"application/json; charset=UTF-8","vary":"X-Origin, Referer, Origin,Accept-Encoding","date":"Sun, 31 May 2020 16:13:56 GMT","server":"ESF","cache-control":"private","x-xss-protection":"0","x-frame-options":"SAMEORIGIN","x-content-type-options":"nosniff","alt-svc":"h3-27=\":443\"; ma=2592000,h3-25=\":443\"; ma=2592000,h3-T050=\":443\"; ma=2592000,h3-Q050=\":443\"; ma=2592000,h3-Q049=\":443\"; ma=2592000,h3-Q048=\":443\"; ma=2592000,h3-Q046=\":443\"; ma=2592000,h3-Q043=\":443\"; ma=2592000,quic=\":443\"; ma=2592000; v=\"46,43\"","accept-ranges":"none","transfer-encoding":"chunked"}
[debug] [2020-05-31T16:13:57.933Z] [hosting][populate queue][FINAL] {"max":1881,"min":1881,"avg":1881,"active":0,"complete":1,"success":1,"errored":0,"retried":0,"total":1,"elapsed":1904}
[debug] [2020-05-31T16:13:57.933Z] [hosting] uploads queued: 20
[debug] [2020-05-31T16:14:03.278Z] [hosting][upload queue][FINAL] {"max":5369,"min":2175,"avg":3298.95,"active":0,"complete":20,"success":20,"errored":0,"retried":0,"total":20,"elapsed":5370}
[info] +  hosting[ema-john-simple-70116]: file upload complete 
[debug] [2020-05-31T16:14:03.284Z] [hosting] deploy completed after 8491ms
